0 info it worked if it ends with ok
1 verbose cli [ '/usr/local/bin/node', '/usr/local/bin/npm', 'run', 'deploy' ]
2 info using npm@3.10.8
3 info using node@v7.0.0
4 verbose run-script [ 'predeploy', 'deploy', 'postdeploy' ]
5 info lifecycle notes_test@1.0.0~predeploy: notes_test@1.0.0
6 silly lifecycle notes_test@1.0.0~predeploy: no script for predeploy, continuing
7 info lifecycle notes_test@1.0.0~deploy: notes_test@1.0.0
8 verbose lifecycle notes_test@1.0.0~deploy: unsafe-perm in lifecycle true
9 verbose lifecycle notes_test@1.0.0~deploy: PATH: /usr/local/lib/node_modules/npm/bin/node-gyp-bin:/Users/joeappleton1/Code/notes_test/node_modules/.bin:/Users/joeappleton1/anaconda/bin:/usr/local/lib/dnx/runtimes/dnx-coreclr-darwin-x64.1.0.0-rc1-update1/bin:/Library/Frameworks/Python.framework/Versions/3.5/bin:/usr/local/opt/php@7.0/bin:/Users/joeappleton1/.composer/vendor/bin/:/usr/local/mysql/bin/:/usr/bin:/bin:/usr/sbin:/sbin:/usr/local/bin:/usr/bin:/bin:/usr/sbin:/sbin:/usr/bin/pythonw:/Library/TeX/texbin:/Applications/Wireshark.app/Contents/MacOS:/Users/joeappleton1/anaconda/bin:/Users/joeappleton1/.dnx/bin:/Library/Frameworks/Python.framework/Versions/3.5/bin:/usr/local/opt/php@7.0/bin:/Users/joeappleton1/.composer/vendor/bin/:/usr/local/mysql/bin/:/Users/joeappleton1/.rvm/bin:/Applications/Visual Studio Code.app/Contents/Resources/app/bin:/Applications/Visual Studio Code.app/Contents/Resources/app/bin
10 verbose lifecycle notes_test@1.0.0~deploy: CWD: /Users/joeappleton1/Code/notes_test
11 silly lifecycle notes_test@1.0.0~deploy: Args: [ '-c',
11 silly lifecycle   'gitbook build && firebase deploy && git add -A && git commit -m \'bot commit\' && git push origin master' ]
12 silly lifecycle notes_test@1.0.0~deploy: Returned: code: 1  signal: null
13 info lifecycle notes_test@1.0.0~deploy: Failed to exec deploy script
14 verbose stack Error: notes_test@1.0.0 deploy: `gitbook build && firebase deploy && git add -A && git commit -m 'bot commit' && git push origin master`
14 verbose stack Exit status 1
14 verbose stack     at EventEmitter.<anonymous> (/usr/local/lib/node_modules/npm/lib/utils/lifecycle.js:255:16)
14 verbose stack     at emitTwo (events.js:106:13)
14 verbose stack     at EventEmitter.emit (events.js:191:7)
14 verbose stack     at ChildProcess.<anonymous> (/usr/local/lib/node_modules/npm/lib/utils/spawn.js:40:14)
14 verbose stack     at emitTwo (events.js:106:13)
14 verbose stack     at ChildProcess.emit (events.js:191:7)
14 verbose stack     at maybeClose (internal/child_process.js:877:16)
14 verbose stack     at Process.ChildProcess._handle.onexit (internal/child_process.js:226:5)
15 verbose pkgid notes_test@1.0.0
16 verbose cwd /Users/joeappleton1/Code/notes_test
17 error Darwin 16.6.0
18 error argv "/usr/local/bin/node" "/usr/local/bin/npm" "run" "deploy"
19 error node v7.0.0
20 error npm  v3.10.8
21 error code ELIFECYCLE
22 error notes_test@1.0.0 deploy: `gitbook build && firebase deploy && git add -A && git commit -m 'bot commit' && git push origin master`
22 error Exit status 1
23 error Failed at the notes_test@1.0.0 deploy script 'gitbook build && firebase deploy && git add -A && git commit -m 'bot commit' && git push origin master'.
23 error Make sure you have the latest version of node.js and npm installed.
23 error If you do, this is most likely a problem with the notes_test package,
23 error not with npm itself.
23 error Tell the author that this fails on your system:
23 error     gitbook build && firebase deploy && git add -A && git commit -m 'bot commit' && git push origin master
23 error You can get information on how to open an issue for this project with:
23 error     npm bugs notes_test
23 error Or if that isn't available, you can get their info via:
23 error     npm owner ls notes_test
23 error There is likely additional logging output above.
24 verbose exit [ 1, true ]
